[INFO] Compilando main_fraca.c...
[INFO] Executando com 1 threads | schedule=static | collapse=1 | N_base=50
[INFO] Executando com 1 threads | schedule=static | collapse=2 | N_base=50
[INFO] Executando com 1 threads | schedule=dynamic | collapse=1 | N_base=50
[INFO] Executando com 1 threads | schedule=dynamic | collapse=2 | N_base=50
[INFO] Executando com 1 threads | schedule=guided | collapse=1 | N_base=50
[INFO] Executando com 1 threads | schedule=guided | collapse=2 | N_base=50
[INFO] Executando com 2 threads | schedule=static | collapse=1 | N_base=50
[INFO] Executando com 2 threads | schedule=static | collapse=2 | N_base=50
[INFO] Executando com 2 threads | schedule=dynamic | collapse=1 | N_base=50
[INFO] Executando com 2 threads | schedule=dynamic | collapse=2 | N_base=50
[INFO] Executando com 2 threads | schedule=guided | collapse=1 | N_base=50
[INFO] Executando com 2 threads | schedule=guided | collapse=2 | N_base=50
[INFO] Executando com 4 threads | schedule=static | collapse=1 | N_base=50
[INFO] Executando com 4 threads | schedule=static | collapse=2 | N_base=50
[INFO] Executando com 4 threads | schedule=dynamic | collapse=1 | N_base=50
[INFO] Executando com 4 threads | schedule=dynamic | collapse=2 | N_base=50
[INFO] Executando com 4 threads | schedule=guided | collapse=1 | N_base=50
[INFO] Executando com 4 threads | schedule=guided | collapse=2 | N_base=50
[INFO] Executando com 8 threads | schedule=static | collapse=1 | N_base=50
[INFO] Executando com 8 threads | schedule=static | collapse=2 | N_base=50
[INFO] Executando com 8 threads | schedule=dynamic | collapse=1 | N_base=50
[INFO] Executando com 8 threads | schedule=dynamic | collapse=2 | N_base=50
[INFO] Executando com 8 threads | schedule=guided | collapse=1 | N_base=50
[INFO] Executando com 8 threads | schedule=guided | collapse=2 | N_base=50
[INFO] Executando com 16 threads | schedule=static | collapse=1 | N_base=50
/var/tmp/slurmd.spool/job1415695/slurm_script: line 27: 525315 Killed                  ./main_fraca $sched $c $N_BASE >> $CSV
[INFO] Executando com 16 threads | schedule=static | collapse=2 | N_base=50
/var/tmp/slurmd.spool/job1415695/slurm_script: line 27: 525331 Killed                  ./main_fraca $sched $c $N_BASE >> $CSV
[INFO] Executando com 16 threads | schedule=dynamic | collapse=1 | N_base=50
/var/tmp/slurmd.spool/job1415695/slurm_script: line 27: 525348 Killed                  ./main_fraca $sched $c $N_BASE >> $CSV
[INFO] Executando com 16 threads | schedule=dynamic | collapse=2 | N_base=50
/var/tmp/slurmd.spool/job1415695/slurm_script: line 27: 525365 Killed                  ./main_fraca $sched $c $N_BASE >> $CSV
[INFO] Executando com 16 threads | schedule=guided | collapse=1 | N_base=50
/var/tmp/slurmd.spool/job1415695/slurm_script: line 27: 525381 Killed                  ./main_fraca $sched $c $N_BASE >> $CSV
[INFO] Executando com 16 threads | schedule=guided | collapse=2 | N_base=50
/var/tmp/slurmd.spool/job1415695/slurm_script: line 27: 525397 Killed                  ./main_fraca $sched $c $N_BASE >> $CSV
[INFO] Executando com 32 threads | schedule=static | collapse=1 | N_base=50
/var/tmp/slurmd.spool/job1415695/slurm_script: line 27: 525413 Killed                  ./main_fraca $sched $c $N_BASE >> $CSV
[INFO] Executando com 32 threads | schedule=static | collapse=2 | N_base=50
/var/tmp/slurmd.spool/job1415695/slurm_script: line 27: 525445 Killed                  ./main_fraca $sched $c $N_BASE >> $CSV
[INFO] Executando com 32 threads | schedule=dynamic | collapse=1 | N_base=50
/var/tmp/slurmd.spool/job1415695/slurm_script: line 27: 525477 Killed                  ./main_fraca $sched $c $N_BASE >> $CSV
[INFO] Executando com 32 threads | schedule=dynamic | collapse=2 | N_base=50
/var/tmp/slurmd.spool/job1415695/slurm_script: line 27: 525509 Killed                  ./main_fraca $sched $c $N_BASE >> $CSV
[INFO] Executando com 32 threads | schedule=guided | collapse=1 | N_base=50
/var/tmp/slurmd.spool/job1415695/slurm_script: line 27: 525542 Killed                  ./main_fraca $sched $c $N_BASE >> $CSV
[INFO] Executando com 32 threads | schedule=guided | collapse=2 | N_base=50
/var/tmp/slurmd.spool/job1415695/slurm_script: line 27: 525574 Killed                  ./main_fraca $sched $c $N_BASE >> $CSV
slurmstepd: error: Detected 12 oom-kill event(s) in StepId=1415695.batch. Some of your processes may have been killed by the cgroup out-of-memory handler.
