[INFO] Compilando main_fraca.c...
[INFO] Executando com 1 threads | schedule=static | collapse=1 | N_base=50
1,static,1,50,0.057569
[INFO] Executando com 1 threads | schedule=static | collapse=2 | N_base=50
1,static,2,50,0.058489
[INFO] Executando com 1 threads | schedule=dynamic | collapse=1 | N_base=50
1,dynamic,1,50,0.057955
[INFO] Executando com 1 threads | schedule=dynamic | collapse=2 | N_base=50
1,dynamic,2,50,0.058582
[INFO] Executando com 1 threads | schedule=guided | collapse=1 | N_base=50
1,guided,1,50,0.056177
[INFO] Executando com 1 threads | schedule=guided | collapse=2 | N_base=50
1,guided,2,50,0.056590
[INFO] Executando com 2 threads | schedule=static | collapse=1 | N_base=50
2,static,1,100,0.501880
[INFO] Executando com 2 threads | schedule=static | collapse=2 | N_base=50
2,static,2,100,0.476780
[INFO] Executando com 2 threads | schedule=dynamic | collapse=1 | N_base=50
2,dynamic,1,100,0.498269
[INFO] Executando com 2 threads | schedule=dynamic | collapse=2 | N_base=50
2,dynamic,2,100,0.484628
[INFO] Executando com 2 threads | schedule=guided | collapse=1 | N_base=50
2,guided,1,100,0.526394
[INFO] Executando com 2 threads | schedule=guided | collapse=2 | N_base=50
2,guided,2,100,0.488195
[INFO] Executando com 4 threads | schedule=static | collapse=1 | N_base=50
4,static,1,200,4.538007
[INFO] Executando com 4 threads | schedule=static | collapse=2 | N_base=50
4,static,2,200,4.318854
[INFO] Executando com 4 threads | schedule=dynamic | collapse=1 | N_base=50
4,dynamic,1,200,4.373821
[INFO] Executando com 4 threads | schedule=dynamic | collapse=2 | N_base=50
4,dynamic,2,200,3.988583
[INFO] Executando com 4 threads | schedule=guided | collapse=1 | N_base=50
4,guided,1,200,4.037727
[INFO] Executando com 4 threads | schedule=guided | collapse=2 | N_base=50
4,guided,2,200,3.959728
[INFO] Executando com 8 threads | schedule=static | collapse=1 | N_base=50
8,static,1,400,49.557992
[INFO] Executando com 8 threads | schedule=static | collapse=2 | N_base=50
8,static,2,400,48.092435
[INFO] Executando com 8 threads | schedule=dynamic | collapse=1 | N_base=50
8,dynamic,1,400,49.831456
[INFO] Executando com 8 threads | schedule=dynamic | collapse=2 | N_base=50
8,dynamic,2,400,47.634787
[INFO] Executando com 8 threads | schedule=guided | collapse=1 | N_base=50
8,guided,1,400,49.890546
[INFO] Executando com 8 threads | schedule=guided | collapse=2 | N_base=50
