== Iniciando versão com MPI_Send/MPI_Recv ==
--------------------------------------------------------------------------
WARNING: There is at least one non-excluded one OpenFabrics device found,
but there are no active ports detected (or Open MPI was unable to use
them).  This is most certainly not what you wanted.  Check your
cables, subnet manager configuration, etc.  The openib BTL will be
ignored for this job.

  Local host: r1i2n2
--------------------------------------------------------------------------
Tempo (Send/Recv): 0.329468 s
[r1i2n2.npad.internal:2120018] 3 more processes have sent help message help-mpi-btl-openib.txt / no active ports found
[r1i2n2.npad.internal:2120018] Set MCA parameter "orte_base_help_aggregate" to 0 to see all help / error messages
== Iniciando versão com MPI_Isend/Irecv + Wait ==
--------------------------------------------------------------------------
WARNING: There is at least one non-excluded one OpenFabrics device found,
but there are no active ports detected (or Open MPI was unable to use
them).  This is most certainly not what you wanted.  Check your
cables, subnet manager configuration, etc.  The openib BTL will be
ignored for this job.

  Local host: r1i2n2
--------------------------------------------------------------------------
Tempo (Isend/Irecv + Wait): 0.001555 s
[r1i2n2.npad.internal:2120042] 3 more processes have sent help message help-mpi-btl-openib.txt / no active ports found
[r1i2n2.npad.internal:2120042] Set MCA parameter "orte_base_help_aggregate" to 0 to see all help / error messages
== Iniciando versão com MPI_Test para sobreposição ==
--------------------------------------------------------------------------
WARNING: There is at least one non-excluded one OpenFabrics device found,
but there are no active ports detected (or Open MPI was unable to use
them).  This is most certainly not what you wanted.  Check your
cables, subnet manager configuration, etc.  The openib BTL will be
ignored for this job.

  Local host: r1i2n2
--------------------------------------------------------------------------
Tempo (MPI_Test com sobreposição): 0.001590 s
[r1i2n2.npad.internal:2120066] 3 more processes have sent help message help-mpi-btl-openib.txt / no active ports found
[r1i2n2.npad.internal:2120066] Set MCA parameter "orte_base_help_aggregate" to 0 to see all help / error messages
