Lmod has detected the following error: The following module(s) are unknown:
"gcc/9.3.0"

Please check the spelling or version number. Also try "module spider ..."
It is also possible your cache file is out-of-date; it may help to try:
  $ module --ignore_cache load "gcc/9.3.0"

Also make sure that all modulefiles written in TCL start with the string
#%Module



Lmod has detected the following error: The following module(s) are unknown:
"openmpi/4.0.3"

Please check the spelling or version number. Also try "module spider ..."
It is also possible your cache file is out-of-date; it may help to try:
  $ module --ignore_cache load "openmpi/4.0.3"

Also make sure that all modulefiles written in TCL start with the string
#%Module



Compilando o código...
main2.c: In function ‘run_simulation’:
main2.c:29:9: warning: implicit declaration of function ‘omp_set_affinity_format’ [-Wimplicit-function-declaration]
         omp_set_affinity_format("compact");
         ^~~~~~~~~~~~~~~~~~~~~~~
Executando o programa...
Execução concluída com sucesso!
Resultados salvos em: results_affinity_20250518_145400/affinity_results.csv
Gerando gráfico de resultados...
Lmod has detected the following error: The following module(s) are unknown:
"python/3.8.0"

Please check the spelling or version number. Also try "module spider ..."
It is also possible your cache file is out-of-date; it may help to try:
  $ module --ignore_cache load "python/3.8.0"

Also make sure that all modulefiles written in TCL start with the string
#%Module



Traceback (most recent call last):
  File "plot_results.py", line 1, in <module>
    import pandas as pd
ModuleNotFoundError: No module named 'pandas'
Gráfico gerado em: results_affinity_20250518_145400/affinity_scaling.png
