[INFO] Threads=1 Affinity=false
[INFO] Threads=1 Affinity=true
[INFO] Threads=1 Affinity=close
[INFO] Threads=1 Affinity=spread
[INFO] Threads=1 Affinity=master
[INFO] Threads=2 Affinity=false
[INFO] Threads=2 Affinity=true
[INFO] Threads=2 Affinity=close
[INFO] Threads=2 Affinity=spread
[INFO] Threads=2 Affinity=master
[INFO] Threads=4 Affinity=false
[INFO] Threads=4 Affinity=true
[INFO] Threads=4 Affinity=close
[INFO] Threads=4 Affinity=spread
[INFO] Threads=4 Affinity=master
[INFO] Threads=8 Affinity=false
[INFO] Threads=8 Affinity=true
[INFO] Threads=8 Affinity=close
[INFO] Threads=8 Affinity=spread
[INFO] Threads=8 Affinity=master
[INFO] Threads=16 Affinity=false
[INFO] Threads=16 Affinity=true
[INFO] Threads=16 Affinity=close
[INFO] Threads=16 Affinity=spread
[INFO] Threads=16 Affinity=master
[INFO] Threads=32 Affinity=false
[INFO] Threads=32 Affinity=true
[INFO] Threads=32 Affinity=close
[INFO] Threads=32 Affinity=spread
[INFO] Threads=32 Affinity=master
[INFO] Resultados em results_20250518_160541.csv
