[INFO] Threads=1 Affinity=none

libgomp: Invalid value for environment variable OMP_PROC_BIND
[INFO] Threads=1 Affinity=close
[INFO] Threads=1 Affinity=spread
[INFO] Threads=2 Affinity=none

libgomp: Invalid value for environment variable OMP_PROC_BIND
[INFO] Threads=2 Affinity=close
[INFO] Threads=2 Affinity=spread
[INFO] Threads=4 Affinity=none

libgomp: Invalid value for environment variable OMP_PROC_BIND
[INFO] Threads=4 Affinity=close
[INFO] Threads=4 Affinity=spread
[INFO] Threads=8 Affinity=none

libgomp: Invalid value for environment variable OMP_PROC_BIND
[INFO] Threads=8 Affinity=close
[INFO] Threads=8 Affinity=spread
[INFO] Threads=16 Affinity=none

libgomp: Invalid value for environment variable OMP_PROC_BIND
[INFO] Threads=16 Affinity=close
[INFO] Threads=16 Affinity=spread
[INFO] Threads=32 Affinity=none

libgomp: Invalid value for environment variable OMP_PROC_BIND
[INFO] Threads=32 Affinity=close
[INFO] Threads=32 Affinity=spread
[INFO] Resultados em results_20250518_160325.csv
